{"name": "Заказы пользователя из раздела «История заказов» отображаются на странице «Лента заказов»", "status": "broken", "statusDetails": {"message": "selenium.common.exceptions.TimeoutException: Message: \nStacktrace:\nRemoteError@chrome://remote/content/shared/RemoteError.sys.mjs:8:8\nWebDriverError@chrome://remote/content/shared/webdriver/Errors.sys.mjs:193:5\nNoSuchElementError@chrome://remote/content/shared/webdriver/Errors.sys.mjs:511:5\ndom.find/</<@chrome://remote/content/shared/DOM.sys.mjs:136:16", "trace": "self = <tests.test_order_feed.TestMainFunctional object at 0x102b59460>, driver = <selenium.webdriver.firefox.webdriver.WebDriver (session=\"a4d2ce22-dc97-4ebb-862e-fab01661f52a\")>\ncreate_user = ({'email': 'fqycalr@yandex.ru', 'name': 'fqycalr', 'password': 'thplyna'}, <Response [200]>), login_user = None\n\n    @allure.title('Заказы пользователя из раздела «История заказов» отображаются на странице «Лента заказов»')\n    def test_user_order_in_order_feed(self, driver, create_user, login_user):\n        main_functional = MainFunctionalPage(driver)\n        main_functional.make_order()\n        order_feed = OrderFeedPage(driver)\n        order_feed.wait_order_number()\n        order_number = '#0' + order_feed.get_order_id()\n        order_feed.close_confirm_order_popup()\n        order_feed.click_feed_button()\n>       assert order_feed.find_order_id_in_feed(order_number)\n\ntests/test_order_feed.py:32: \n_ _ _ _ _ _ _ _ _ _ _ _ _ _ _ _ _ _ _ _ _ _ _ _ _ _ _ _ _ _ _ _ _ _ _ _ _ _ _ _ _ _ _ _ _ _ _ _ _ _ _ _ _ _ _ _ _ _ _ _ _ _ _ _ _ _ _ _ _ _ _ _ _ _ _ _ _ _ _ _ _ _ _ _ _ _ _ _ _ _ _ _ _ _ _ \npages/order_feed_page.py:60: in find_order_id_in_feed\n    return self.find_element(locator, 10)\npages/base_page.py:16: in find_element\n    return WebDriverWait(self.driver, timeout).until(EC.presence_of_element_located(locator))\n_ _ _ _ _ _ _ _ _ _ _ _ _ _ _ _ _ _ _ _ _ _ _ _ _ _ _ _ _ _ _ _ _ _ _ _ _ _ _ _ _ _ _ _ _ _ _ _ _ _ _ _ _ _ _ _ _ _ _ _ _ _ _ _ _ _ _ _ _ _ _ _ _ _ _ _ _ _ _ _ _ _ _ _ _ _ _ _ _ _ _ _ _ _ _ \n\nself = <selenium.webdriver.support.wait.WebDriverWait (session=\"a4d2ce22-dc97-4ebb-862e-fab01661f52a\")>, method = <function presence_of_element_located.<locals>._predicate at 0x102b81580>\nmessage = ''\n\n    def until(self, method: Callable[[D], Union[Literal[False], T]], message: str = \"\") -> T:\n        \"\"\"Calls the method provided with the driver as an argument until the \\\n        return value does not evaluate to ``False``.\n    \n        :param method: callable(WebDriver)\n        :param message: optional message for :exc:`TimeoutException`\n        :returns: the result of the last call to `method`\n        :raises: :exc:`selenium.common.exceptions.TimeoutException` if timeout occurs\n        \"\"\"\n        screen = None\n        stacktrace = None\n    \n        end_time = time.monotonic() + self._timeout\n        while True:\n            try:\n                value = method(self._driver)\n                if value:\n                    return value\n            except self._ignored_exceptions as exc:\n                screen = getattr(exc, \"screen\", None)\n                stacktrace = getattr(exc, \"stacktrace\", None)\n            time.sleep(self._poll)\n            if time.monotonic() > end_time:\n                break\n>       raise TimeoutException(message, screen, stacktrace)\nE       selenium.common.exceptions.TimeoutException: Message: \nE       Stacktrace:\nE       RemoteError@chrome://remote/content/shared/RemoteError.sys.mjs:8:8\nE       WebDriverError@chrome://remote/content/shared/webdriver/Errors.sys.mjs:193:5\nE       NoSuchElementError@chrome://remote/content/shared/webdriver/Errors.sys.mjs:511:5\nE       dom.find/</<@chrome://remote/content/shared/DOM.sys.mjs:136:16\n\n.venv/lib/python3.12/site-packages/selenium/webdriver/support/wait.py:105: TimeoutException"}, "steps": [{"name": "Клик на конструктор", "status": "passed", "start": 1719740194125, "stop": 1719740194140}, {"name": "Перемещение ингридиента", "status": "passed", "start": 1719740194140, "stop": 1719740194681}, {"name": "Клик на Оформить заказ", "status": "passed", "start": 1719740194681, "stop": 1719740194906}, {"name": "Ожидание появления номера заказа в окне заказа", "status": "passed", "start": 1719740194906, "stop": 1719740205042}, {"name": "Получить id заказа в окне с деталями заказа", "status": "passed", "start": 1719740205042, "stop": 1719740205052}, {"name": "Закрыть окно с деталями заказа", "status": "passed", "start": 1719740205053, "stop": 1719740205272}, {"name": "Клик на ленту заказов", "status": "passed", "start": 1719740205272, "stop": 1719740206316}, {"name": "Получение id заказа в окне заказа", "status": "broken", "statusDetails": {"message": "selenium.common.exceptions.TimeoutException: Message: \nStacktrace:\nRemoteError@chrome://remote/content/shared/RemoteError.sys.mjs:8:8\nWebDriverError@chrome://remote/content/shared/webdriver/Errors.sys.mjs:193:5\nNoSuchElementError@chrome://remote/content/shared/webdriver/Errors.sys.mjs:511:5\ndom.find/</<@chrome://remote/content/shared/DOM.sys.mjs:136:16\n\n", "trace": "  File \"/Users/olgazaporozhchenko/PycharmProjects/Yandex/Diplom/Diplom_3/.venv/lib/python3.12/site-packages/allure_commons/_allure.py\", line 192, in impl\n    return func(*a, **kw)\n           ^^^^^^^^^^^^^^\n  File \"/Users/olgazaporozhchenko/PycharmProjects/Yandex/Diplom/Diplom_3/pages/order_feed_page.py\", line 60, in find_order_id_in_feed\n    return self.find_element(locator, 10)\n           ^^^^^^^^^^^^^^^^^^^^^^^^^^^^^^\n  File \"/Users/olgazaporozhchenko/PycharmProjects/Yandex/Diplom/Diplom_3/pages/base_page.py\", line 16, in find_element\n    return WebDriverWait(self.driver, timeout).until(EC.presence_of_element_located(locator))\n           ^^^^^^^^^^^^^^^^^^^^^^^^^^^^^^^^^^^^^^^^^^^^^^^^^^^^^^^^^^^^^^^^^^^^^^^^^^^^^^^^^^\n  File \"/Users/olgazaporozhchenko/PycharmProjects/Yandex/Diplom/Diplom_3/.venv/lib/python3.12/site-packages/selenium/webdriver/support/wait.py\", line 105, in until\n    raise TimeoutException(message, screen, stacktrace)\n"}, "parameters": [{"name": "order_number", "value": "'#09999'"}], "start": 1719740206316, "stop": 1719740216490}], "parameters": [{"name": "driver", "value": "'firefox'"}], "start": 1719740194125, "stop": 1719740216496, "uuid": "20974462-a33b-4571-84bf-b8e4de7d38bb", "historyId": "d5babfe130bccd8e49680314dfa3c664", "testCaseId": "19b9f40b9eda08428dda14b09d734406", "fullName": "tests.test_order_feed.TestMainFunctional#test_user_order_in_order_feed", "labels": [{"name": "parentSuite", "value": "tests"}, {"name": "suite", "value": "test_order_feed"}, {"name": "subSuite", "value": "TestMainFunctional"}, {"name": "host", "value": "MBP-Olga"}, {"name": "thread", "value": "97747-MainThread"}, {"name": "framework", "value": "pytest"}, {"name": "language", "value": "cpython3"}, {"name": "package", "value": "tests.test_order_feed"}]}